\BOOKMARK [1][-]{section.1}{\376\377\153\325\213\276\135\345\117\134\173\200\116\313}{}% 1
\BOOKMARK [2][-]{subsection.1.1}{\376\377\213\376\230\230\147\145\156\220\060\001\170\024\172\166\166\356\166\204\123\312\141\017\116\111}{section.1}% 2
\BOOKMARK [2][-]{subsection.1.2}{\376\377\126\375\121\205\131\026\170\024\172\166\163\260\162\266}{section.1}% 3
\BOOKMARK [2][-]{subsection.1.3}{\376\377\170\024\172\166\121\205\133\271}{section.1}% 4
\BOOKMARK [3][-]{subsubsection.1.3.1}{\376\377\225\356\230\230\166\204\173\200\217\360}{subsection.1.3}% 5
\BOOKMARK [3][-]{subsubsection.1.3.2}{\376\377\126\376\166\204\143\317\217\360}{subsection.1.3}% 6
\BOOKMARK [3][-]{subsubsection.1.3.3}{\376\377\123\125\145\340\116\272\147\072\166\204\123\125\166\356\150\007\215\357\137\204\211\304\122\022}{subsection.1.3}% 7
\BOOKMARK [3][-]{subsubsection.1.3.4}{\376\377\123\125\145\340\116\272\147\072\166\204\131\032\166\356\150\007\215\357\137\204\211\304\122\022}{subsection.1.3}% 8
\BOOKMARK [3][-]{subsubsection.1.3.5}{\376\377\131\032\145\340\116\272\147\072\166\204\131\032\166\356\150\007\215\357\137\204\211\304\122\022}{subsection.1.3}% 9
\BOOKMARK [2][-]{subsection.1.4}{\376\377\217\333\136\246\133\211\143\222}{section.1}% 10
\BOOKMARK [1][-]{section.2}{\376\377\135\362\133\214\142\020\166\204\170\024\172\166\135\345\117\134}{}% 11
\BOOKMARK [2][-]{subsection.2.1}{\376\377\126\376\166\204\142\275\214\141\123\026}{section.2}% 12
\BOOKMARK [2][-]{subsection.2.2}{\376\377\142\275\214\141\126\376\166\204\121\167\117\123\123\026}{section.2}% 13
\BOOKMARK [2][-]{subsection.2.3}{\376\377\126\376\166\204\210\150\171\072}{section.2}% 14
\BOOKMARK [3][-]{subsubsection.2.3.1}{\376\377\220\273\143\245\167\351\226\065}{subsection.2.3}% 15
\BOOKMARK [3][-]{subsubsection.2.3.2}{\376\377\220\273\143\245\224\376\210\150}{subsection.2.3}% 16
\BOOKMARK [2][-]{subsection.2.4}{\376\377\142\323\134\125\145\160\143\156\176\323\147\204}{section.2}% 17
\BOOKMARK [3][-]{subsubsection.2.4.1}{\376\377\136\046\175\042\137\025\166\204\117\030\121\110\226\037\122\027\000\040\000a\000l\000g\000s\0004}{subsection.2.4}% 18
\BOOKMARK [3][-]{subsubsection.2.4.2}{\376\377\136\166\147\345\226\306}{subsection.2.4}% 19
\BOOKMARK [2][-]{subsection.2.5}{\376\377\127\372\147\054\126\376\213\272\135\345\121\167}{section.2}% 20
\BOOKMARK [3][-]{subsubsection.2.5.1}{\376\377\137\072\217\336\220\032\122\006\221\317}{subsection.2.5}% 21
\BOOKMARK [2][-]{subsection.2.6}{\376\377\123\125\145\340\116\272\147\072\166\204\123\125\166\356\150\007\215\357\137\204\211\304\122\022}{section.2}% 22
\BOOKMARK [3][-]{subsubsection.2.6.1}{\376\377\000D\000i\000j\000k\000s\000t\000r\000a\173\227\154\325}{subsection.2.6}% 23
\BOOKMARK [2][-]{subsection.2.7}{\376\377\123\125\145\340\116\272\147\072\166\204\131\032\166\356\150\007\215\357\137\204\211\304\122\022}{section.2}% 24
\BOOKMARK [3][-]{subsubsection.2.7.1}{\376\377\000F\000l\000o\000y\000-\000W\000a\000r\000s\000h\000a\000l\000l\173\227\154\325}{subsection.2.7}% 25
\BOOKMARK [3][-]{subsubsection.2.7.2}{\376\377\000T\000S\000P\166\204\174\276\170\156\173\227\154\325}{subsection.2.7}% 26
\BOOKMARK [3][-]{subsubsection.2.7.3}{\376\377\000T\000S\000P\166\204\215\052\137\303\124\057\123\321}{subsection.2.7}% 27
\BOOKMARK [3][-]{subsubsection.2.7.4}{\376\377\000T\000S\000P\166\204\220\000\160\153\124\057\123\321}{subsection.2.7}% 28
\BOOKMARK [1][-]{section.3}{\376\377\135\362\123\326\137\227\166\204\226\066\153\265\140\047\170\024\172\166\142\020\147\234}{}% 29
\BOOKMARK [2][-]{subsection.3.1}{\376\377\131\032\145\340\116\272\147\072\166\204\131\032\166\356\150\007\215\357\137\204\211\304\122\022}{section.3}% 30
\BOOKMARK [1][-]{section.4}{\376\377\133\130\127\050\166\204\225\356\230\230\116\345\123\312\124\016\176\355\135\345\117\134\133\211\143\222}{}% 31
